[debug] [2024-03-02T11:40:29.240Z] ----------------------------------------------------------------------
[debug] [2024-03-02T11:40:29.247Z] Command:       C:\Program Files\nodejs\node.exe C:\Users\sundar\AppData\Roaming\npm\node_modules\firebase-tools\lib\bin\firebase.js deploy --debug
[debug] [2024-03-02T11:40:29.248Z] CLI Version:   13.4.0
[debug] [2024-03-02T11:40:29.249Z] Platform:      win32
[debug] [2024-03-02T11:40:29.249Z] Node Version:  v21.6.2
[debug] [2024-03-02T11:40:29.250Z] Time:          Sat Mar 02 2024 17:10:29 GMT+0530 (India Standard Time)
[debug] [2024-03-02T11:40:29.250Z] ----------------------------------------------------------------------
[debug] 
[debug] [2024-03-02T11:40:29.447Z] > command requires scopes: ["email","openid","https://www.googleapis.com/auth/cloudplatformprojects.readonly","https://www.googleapis.com/auth/firebase","https://www.googleapis.com/auth/cloud-platform"]
[debug] [2024-03-02T11:40:29.449Z] > authorizing via signed-in user (kishorekalyan97@gmail.com)
[debug] [2024-03-02T11:40:29.450Z] [iam] checking project react-task-kalyan for permissions ["firebase.projects.get","firebasehosting.sites.update"]
[debug] [2024-03-02T11:40:29.454Z] > refreshing access token with scopes: []
[debug] [2024-03-02T11:40:29.461Z] >>> [apiv2][query] POST https://www.googleapis.com/oauth2/v3/token [none]
[debug] [2024-03-02T11:40:29.462Z] >>> [apiv2][body] POST https://www.googleapis.com/oauth2/v3/token [omitted]
[debug] [2024-03-02T11:40:29.960Z] <<< [apiv2][status] POST https://www.googleapis.com/oauth2/v3/token 200
[debug] [2024-03-02T11:40:29.961Z] <<< [apiv2][body] POST https://www.googleapis.com/oauth2/v3/token [omitted]
[debug] [2024-03-02T11:40:30.156Z] >>> [apiv2][query] POST https://cloudresourcemanager.googleapis.com/v1/projects/react-task-kalyan:testIamPermissions [none]
[debug] [2024-03-02T11:40:30.159Z] >>> [apiv2][(partial)header] POST https://cloudresourcemanager.googleapis.com/v1/projects/react-task-kalyan:testIamPermissions x-goog-quota-user=projects/react-task-kalyan
[debug] [2024-03-02T11:40:30.161Z] >>> [apiv2][body] POST https://cloudresourcemanager.googleapis.com/v1/projects/react-task-kalyan:testIamPermissions {"permissions":["firebase.projects.get","firebasehosting.sites.update"]}
[debug] [2024-03-02T11:40:31.529Z] <<< [apiv2][status] POST https://cloudresourcemanager.googleapis.com/v1/projects/react-task-kalyan:testIamPermissions 200
[debug] [2024-03-02T11:40:31.531Z] <<< [apiv2][body] POST https://cloudresourcemanager.googleapis.com/v1/projects/react-task-kalyan:testIamPermissions {"permissions":["firebase.projects.get","firebasehosting.sites.update"]}
[debug] [2024-03-02T11:40:31.538Z] >>> [apiv2][query] GET https://firebase.googleapis.com/v1beta1/projects/react-task-kalyan [none]
[debug] [2024-03-02T11:40:31.979Z] <<< [apiv2][status] GET https://firebase.googleapis.com/v1beta1/projects/react-task-kalyan 200
[debug] [2024-03-02T11:40:31.981Z] <<< [apiv2][body] GET https://firebase.googleapis.com/v1beta1/projects/react-task-kalyan {"projectId":"react-task-kalyan","projectNumber":"812878006564","displayName":"React-task","name":"projects/react-task-kalyan","resources":{"hostingSite":"react-task-kalyan"},"state":"ACTIVE","etag":"1_88127028-86ef-41e1-a025-d1515dd8f56b"}
[info] 
[info] === Deploying to 'react-task-kalyan'...
[info] 
[info] i  deploying hosting 
[debug] [2024-03-02T11:40:32.023Z] >>> [apiv2][query] POST https://firebasehosting.googleapis.com/v1beta1/projects/-/sites/react-task-kalyan/versions [none]
[debug] [2024-03-02T11:40:32.023Z] >>> [apiv2][body] POST https://firebasehosting.googleapis.com/v1beta1/projects/-/sites/react-task-kalyan/versions {"status":"CREATED","labels":{"deployment-tool":"cli-firebase"}}
[debug] [2024-03-02T11:40:33.532Z] <<< [apiv2][status] POST https://firebasehosting.googleapis.com/v1beta1/projects/-/sites/react-task-kalyan/versions 200
[debug] [2024-03-02T11:40:33.533Z] <<< [apiv2][body] POST https://firebasehosting.googleapis.com/v1beta1/projects/-/sites/react-task-kalyan/versions {"name":"projects/812878006564/sites/react-task-kalyan/versions/d14e878fae2b91f3","status":"CREATED","config":{},"labels":{"deployment-tool":"cli-firebase"}}
[info] i  hosting[react-task-kalyan]: beginning deploy... 
[info] i  hosting[react-task-kalyan]: found 26 files in public 
[debug] [2024-03-02T11:40:33.590Z] [hosting] uploading with 200 concurrency
[debug] [2024-03-02T11:40:33.597Z] [hosting] hash cache [cHVibGlj] stored for 26 files
[debug] [2024-03-02T11:40:33.598Z] [hosting][hash queue][FINAL] {"max":3,"min":1,"avg":1,"active":0,"complete":26,"success":26,"errored":0,"retried":0,"total":26,"elapsed":6}
[debug] [2024-03-02T11:40:33.600Z] >>> [apiv2][query] POST https://firebasehosting.googleapis.com/v1beta1/projects/812878006564/sites/react-task-kalyan/versions/d14e878fae2b91f3:populateFiles [none]
[debug] [2024-03-02T11:40:33.603Z] >>> [apiv2][body] POST https://firebasehosting.googleapis.com/v1beta1/projects/812878006564/sites/react-task-kalyan/versions/d14e878fae2b91f3:populateFiles {"files":{"/404.html":"762bf484ba67404bd1a3b181546ea28d60dfddf18e9dd4795d8d25bcf3c1a890","/favicon.ico":"27edce7be5922cf0bef7d4136f69b5bfbdd5bf8c13c7b026f71187d41a00aa7d","/index.html":"9c3b2913a8e599acbad18811c8795c6198e3f187b65fd5d5b812cbef8bdf2058","/logo192.png":"79e2b749561016bc8af300ea19f48347ceed3cb1a54f48ae456172eca45e08f0","/logo512.png":"212b102aa09e51b3b3e06647e81f7801a61333e171f6582e8124379aabccb41d","/manifest.json":"ee04fb47e525c67d8424ffe9b4d8a8a24e434504478afca4e0ca602146836d4c","/package-lock.json":"a529fffb99b143451f8146d3c9f8457fd2c1061bd2a3cea37436d4b22d3d2741","/package.json":"29d205e97e4c5d5ddfbce2a9fc4a8c3213d282d12e396f75d3e3ba97d40dcdfa","/README.md":"f890cadce82803918377a76ebee0412ba79d5b84aae8000f1d5d1dd5da67b3d1","/robots.txt":"bfe106a3fb878dc83461c86818bf74fc1bdc7f28538ba613cd3e775516ce8b49","/build/index.html":"b6565d722c89f18dca8d1a5b4c251774a67e7061e61cd53ccbb4581080a9df99","/src/App.css":"6e7564b5bdc6e497665fb8338e8af657437ed1764a494d75e71b28ce1f17aee7","/src/App.js":"61fe187478d0f32b01166d749a9f759f1ca4009bc8909b5d74197670311a8dfe","/src/App.test.js":"ed31e741879fdc27a773b2a59d3c09cca89e149f00ef01956df64de4882ab02a","/src/index.css":"5f011e17efbbe65a7be4421a68b42928e6736157cc027dfafab66c9476aee3ca","/src/index.js":"53fa2353340880a9d862478da6ed1fcb4eb4c9cb39e3a7e985898d0195484e61","/src/logo.svg":"1ba5ab29d08b53b3c796cb7a8991d18ea9f36d9690fbd3e609681c47808a7bcb","/src/reportWebVitals.js":"91b374336c422b3b03467ab2b9074ee502474b364fe91c90e7eb0323620e6bdd","/src/setupTests.js":"83cff566366a2afed805a38278e2099076a43e292e4d5ebb887aefd2ac0c9d05","/src/components/FilterOne.js":"8d0f7fcb7ed5b656766189c9d012e567934242572175af76e10757b9f546ed61","/src/components/FormPhoto.js":"325a9842ea6ff0abc8cadaf465f0da5a22bd587f3878969256c91f39a26b0256","/src/components/FormPhotoStyles.css":"6c108d6ee4e7c386d8f3f1cbc0ffc2da7ee6c29302834080a3fa3485b3f8ef0e","/src/components/Navbar.js":"e18ea40e470bc25074a02d81f2f3d5411499311d8c3481fc6b2b12c8ce907aa5","/src/components/NavbarStyles.css":"db552497642d260b0e1424bddbe3576cd744fc1eae0886f7d427b1d2686d1ffc","/src/components/PhotoDisplay.js":"78eaf4dfc4b2a4a6576ebc9399ed7f6c0d74207c90bd4653337b02443cc7bcc4","/src/components/PhotoDisplayStyles.css":"3281825f32c344c4236f01441c293be7284a12d1db45baf0570a54be6e874dad"}}
[debug] [2024-03-02T11:40:34.081Z] <<< [apiv2][status] POST https://firebasehosting.googleapis.com/v1beta1/projects/812878006564/sites/react-task-kalyan/versions/d14e878fae2b91f3:populateFiles 200
[debug] [2024-03-02T11:40:34.083Z] <<< [apiv2][body] POST https://firebasehosting.googleapis.com/v1beta1/projects/812878006564/sites/react-task-kalyan/versions/d14e878fae2b91f3:populateFiles {"uploadUrl":"https://upload-firebasehosting.googleapis.com/upload/sites/react-task-kalyan/versions/d14e878fae2b91f3/files"}
[debug] [2024-03-02T11:40:34.086Z] [hosting][populate queue][FINAL] {"max":490,"min":490,"avg":490,"active":0,"complete":1,"success":1,"errored":0,"retried":0,"total":1,"elapsed":490}
[debug] [2024-03-02T11:40:34.088Z] [hosting] uploads queued: 0
[debug] [2024-03-02T11:40:34.090Z] [hosting][upload queue][FINAL] {"max":0,"min":9999999999,"avg":0,"active":0,"complete":0,"success":0,"errored":0,"retried":0,"total":0,"elapsed":1709379634090}
[info] i  hosting: upload complete 
[info] +  hosting[react-task-kalyan]: file upload complete 
[debug] [2024-03-02T11:40:34.096Z] [hosting] deploy completed after 553ms
[debug] [2024-03-02T11:40:34.098Z] [
  {
    "config": {
      "public": "public",
      "ignore": [
        "firebase.json",
        "**/.*",
        "**/node_modules/**"
      ],
      "site": "react-task-kalyan"
    },
    "version": "projects/812878006564/sites/react-task-kalyan/versions/d14e878fae2b91f3"
  }
]
[info] i  hosting[react-task-kalyan]: finalizing version... 
[debug] [2024-03-02T11:40:34.123Z] >>> [apiv2][query] PATCH https://firebasehosting.googleapis.com/v1beta1/projects/-/sites/react-task-kalyan/versions/d14e878fae2b91f3 updateMask=status%2Cconfig
[debug] [2024-03-02T11:40:34.124Z] >>> [apiv2][body] PATCH https://firebasehosting.googleapis.com/v1beta1/projects/-/sites/react-task-kalyan/versions/d14e878fae2b91f3 {"status":"FINALIZED","config":{}}
[debug] [2024-03-02T11:40:34.580Z] <<< [apiv2][status] PATCH https://firebasehosting.googleapis.com/v1beta1/projects/-/sites/react-task-kalyan/versions/d14e878fae2b91f3 200
[debug] [2024-03-02T11:40:34.582Z] <<< [apiv2][body] PATCH https://firebasehosting.googleapis.com/v1beta1/projects/-/sites/react-task-kalyan/versions/d14e878fae2b91f3 {"name":"projects/812878006564/sites/react-task-kalyan/versions/d14e878fae2b91f3","status":"FINALIZED","config":{},"labels":{"deployment-tool":"cli-firebase"},"createTime":"2024-03-02T11:40:34.594906Z","createUser":{"email":"Kishorekalyan97@gmail.com"},"finalizeTime":"2024-03-02T11:40:35.986928Z","finalizeUser":{"email":"Kishorekalyan97@gmail.com"}}
[debug] [2024-03-02T11:40:34.586Z] [hosting] finalized version for react-task-kalyan:[object Object]
[info] +  hosting[react-task-kalyan]: version finalized 
[info] i  hosting[react-task-kalyan]: releasing new version... 
[debug] [2024-03-02T11:40:34.591Z] >>> [apiv2][query] POST https://firebasehosting.googleapis.com/v1beta1/projects/-/sites/react-task-kalyan/channels/live/releases versionName=projects%2F812878006564%2Fsites%2Freact-task-kalyan%2Fversions%2Fd14e878fae2b91f3
[debug] [2024-03-02T11:40:34.593Z] >>> [apiv2][body] POST https://firebasehosting.googleapis.com/v1beta1/projects/-/sites/react-task-kalyan/channels/live/releases {}
[debug] [2024-03-02T11:40:35.071Z] <<< [apiv2][status] POST https://firebasehosting.googleapis.com/v1beta1/projects/-/sites/react-task-kalyan/channels/live/releases 200
[debug] [2024-03-02T11:40:35.073Z] <<< [apiv2][body] POST https://firebasehosting.googleapis.com/v1beta1/projects/-/sites/react-task-kalyan/channels/live/releases {"name":"projects/812878006564/sites/react-task-kalyan/channels/live/releases/1709379635904000","version":{"name":"projects/812878006564/sites/react-task-kalyan/versions/d14e878fae2b91f3","status":"FINALIZED","config":{},"labels":{"deployment-tool":"cli-firebase"},"createTime":"2024-03-02T11:40:34.594906Z","createUser":{"email":"Kishorekalyan97@gmail.com","imageUrl":"https://lh3.googleusercontent.com/a/ACg8ocKcDPwA-3y7uEZwWUUwGLmZzF1cSwnQyvQWEqdWJiPa=mo"},"finalizeTime":"2024-03-02T11:40:35.986928Z","finalizeUser":{"email":"Kishorekalyan97@gmail.com","imageUrl":"https://lh3.googleusercontent.com/a/ACg8ocKcDPwA-3y7uEZwWUUwGLmZzF1cSwnQyvQWEqdWJiPa=mo"}},"type":"DEPLOY","releaseTime":"2024-03-02T11:40:35.904Z","releaseUser":{"email":"Kishorekalyan97@gmail.com","imageUrl":"https://lh3.googleusercontent.com/a/ACg8ocKcDPwA-3y7uEZwWUUwGLmZzF1cSwnQyvQWEqdWJiPa=mo"}}
[debug] [2024-03-02T11:40:35.079Z] [hosting] release: {"name":"projects/812878006564/sites/react-task-kalyan/channels/live/releases/1709379635904000","version":{"name":"projects/812878006564/sites/react-task-kalyan/versions/d14e878fae2b91f3","status":"FINALIZED","config":{},"labels":{"deployment-tool":"cli-firebase"},"createTime":"2024-03-02T11:40:34.594906Z","createUser":{"email":"Kishorekalyan97@gmail.com","imageUrl":"https://lh3.googleusercontent.com/a/ACg8ocKcDPwA-3y7uEZwWUUwGLmZzF1cSwnQyvQWEqdWJiPa=mo"},"finalizeTime":"2024-03-02T11:40:35.986928Z","finalizeUser":{"email":"Kishorekalyan97@gmail.com","imageUrl":"https://lh3.googleusercontent.com/a/ACg8ocKcDPwA-3y7uEZwWUUwGLmZzF1cSwnQyvQWEqdWJiPa=mo"}},"type":"DEPLOY","releaseTime":"2024-03-02T11:40:35.904Z","releaseUser":{"email":"Kishorekalyan97@gmail.com","imageUrl":"https://lh3.googleusercontent.com/a/ACg8ocKcDPwA-3y7uEZwWUUwGLmZzF1cSwnQyvQWEqdWJiPa=mo"}}
[info] +  hosting[react-task-kalyan]: release complete 
[info] 
[info] +  Deploy complete! 
[info] 
[info] Project Console: https://console.firebase.google.com/project/react-task-kalyan/overview
[info] Hosting URL: https://react-task-kalyan.web.app
