[debug] [2024-03-01T18:20:10.475Z] ----------------------------------------------------------------------
[debug] [2024-03-01T18:20:10.479Z] Command:       C:\Program Files\nodejs\node.exe C:\Users\sundar\AppData\Roaming\npm\node_modules\firebase-tools\lib\bin\firebase.js init
[debug] [2024-03-01T18:20:10.479Z] CLI Version:   13.4.0
[debug] [2024-03-01T18:20:10.480Z] Platform:      win32
[debug] [2024-03-01T18:20:10.480Z] Node Version:  v21.6.2
[debug] [2024-03-01T18:20:10.480Z] Time:          Fri Mar 01 2024 23:50:10 GMT+0530 (India Standard Time)
[debug] [2024-03-01T18:20:10.480Z] ----------------------------------------------------------------------
[debug] 
[debug] [2024-03-01T18:20:10.615Z] > command requires scopes: ["email","openid","https://www.googleapis.com/auth/cloudplatformprojects.readonly","https://www.googleapis.com/auth/firebase","https://www.googleapis.com/auth/cloud-platform"]
[debug] [2024-03-01T18:20:10.616Z] > authorizing via signed-in user (kishorekalyan97@gmail.com)
[info] 
     ######## #### ########  ######## ########     ###     ######  ########
     ##        ##  ##     ## ##       ##     ##  ##   ##  ##       ##
     ######    ##  ########  ######   ########  #########  ######  ######
     ##        ##  ##    ##  ##       ##     ## ##     ##       ## ##
     ##       #### ##     ## ######## ########  ##     ##  ######  ########

You're about to initialize a Firebase project in this directory:

  E:\PhotographyTask\photogrphy-react-project

Before we get started, keep in mind:

  * You are initializing within an existing Firebase project directory

[info] 
=== Project Setup
[info] 
[info] First, let's associate this project directory with a Firebase project.
[info] You can create multiple project aliases by running firebase use --add, 
[info] but for now we'll just set up a default project.
[info] 
[debug] [2024-03-01T18:20:51.768Z] Using project from CLI flag: react-task-kalyan
[debug] [2024-03-01T18:20:51.771Z] >>> [apiv2][query] GET https://firebase.googleapis.com/v1beta1/projects/react-task-kalyan [none]
[debug] [2024-03-01T18:20:52.518Z] <<< [apiv2][status] GET https://firebase.googleapis.com/v1beta1/projects/react-task-kalyan 200
[debug] [2024-03-01T18:20:52.518Z] <<< [apiv2][body] GET https://firebase.googleapis.com/v1beta1/projects/react-task-kalyan {"projectId":"react-task-kalyan","projectNumber":"812878006564","displayName":"React-task","name":"projects/react-task-kalyan","resources":{"hostingSite":"react-task-kalyan"},"state":"ACTIVE","etag":"1_88127028-86ef-41e1-a025-d1515dd8f56b"}
[info] i  Using project react-task-kalyan (React-task) 
[info] 
=== Hosting Setup
[debug] [2024-03-01T18:20:52.576Z] >>> [apiv2][query] GET https://firebase.googleapis.com/v1beta1/projects/react-task-kalyan [none]
[debug] [2024-03-01T18:20:52.886Z] <<< [apiv2][status] GET https://firebase.googleapis.com/v1beta1/projects/react-task-kalyan 200
[debug] [2024-03-01T18:20:52.886Z] <<< [apiv2][body] GET https://firebase.googleapis.com/v1beta1/projects/react-task-kalyan {"projectId":"react-task-kalyan","projectNumber":"812878006564","displayName":"React-task","name":"projects/react-task-kalyan","resources":{"hostingSite":"react-task-kalyan"},"state":"ACTIVE","etag":"1_88127028-86ef-41e1-a025-d1515dd8f56b"}
[info] 
[info] Your public directory is the folder (relative to your project directory) that
[info] will contain Hosting assets to be uploaded with firebase deploy. If you
[info] have a build process for your assets, use your build's output directory.
[info] 
